Unzipping queue mw_default_content/media/templates.microweber.com/2__69884.1557124343.jpg...
Unzipping queue mw_default_content/media/templates.microweber.com/16__95752.1557125556_2.jpg...
Unzipping queue mw_default_content/media/templates.microweber.com/11__49143.1557125318.jpg...
Unzipping queue mw_default_content/media/templates.microweber.com/people-3_1.jpg...
Unzipping queue mw_default_content/media/templates.microweber.com/1__43193.1557124343.jpg...
Unzipping queue mw_default_content/media/templates.microweber.com/feature-1.jpg...
Unzipping queue mw_default_content/media/templates.microweber.com/16__95752.1557125556_3.jpg...
Unzipping queue mw_default_content/media/templates.microweber.com/16__95752.1557125556_1.jpg...
Unzipping queue mw_default_content/media/templates.microweber.com/2__69884.1557124343_4.jpg...
Unzipping queue mw_default_content/media/templates.microweber.com/feature-3.jpg...
Unzipping queue mw_default_content/media/templates.microweber.com/feature-2.jpg...
Unzipping queue mw_default_content/media/templates.microweber.com/2__69884.1557124343_5.jpg...
Unzipping queue mw_default_content/media/templates.microweber.com/logo.png...
Unzipping queue mw_default_content/media/templates.microweber.com/16__95752.1557125556_4.jpg...
Unzipping queue mw_default_content/media/templates.microweber.com/2__69884.1557124343_1.jpg...
Unzipping queue mw_default_content/media/templates.microweber.com/16__95752.1557125556_5.jpg...
Unzipping queue mw_default_content/media/templates.microweber.com/2__69884.1557124343_2.jpg...
Unzipping queue mw_default_content/media/templates.microweber.com/2__69884.1557124343_3.jpg...
Unzipping queue mw_default_content/media/templates.microweber.com/slide-2.jpg...
Unzipping queue mw_default_content/media/templates.microweber.com/cruises-result.jpg...
Unzipping queue mw_default_content/media/templates.microweber.com/v1.jpg...
Unzipping queue mw_default_content/media/templates.microweber.com/team6.jpg...
Unzipping queue mw_default_content/media/templates.microweber.com/slide-1.jpg...
Unzipping queue mw_default_content/media/templates.microweber.com/5__85794.1557124344.jpg...
Unzipping queue mw_default_content/media/templates.microweber.com/7__48004.1557125030_1.jpg...
Unzipping queue mw_default_content/media/templates.microweber.com/team1.jpg...
Unzipping queue mw_default_content/media/templates.microweber.com/13__85251.1557125318_1.jpg...
Unzipping queue mw_default_content/media/templates.microweber.com/team2.jpg...
Unzipping queue mw_default_content/media/templates.microweber.com/7__48004.1557125030.jpg...
Unzipping queue mw_default_content/media/templates.microweber.com/18-38.jpg...
Unzipping queue mw_default_content/media/templates.microweber.com/12__41534.1557125318.jpg...
Unzipping queue mw_default_content/media/templates.microweber.com/team3.jpg...
Unzipping queue mw_default_content/media/templates.microweber.com/13__85251.1557125318_2.jpg...
/Users/yahyehassan/Documents/Core/storage/backup_content/production/temp_backup_zip/5a4907e93a03892edbe53b2131e530a2/
The zip file has no files to import.
Unzipping mw_default_content.zip in userfiles...
The zip file has no files to import.
